[2025-04-01 05:20:25,752] multiqc                                            [DEBUG  ]  This is MultiQC v1.19
[2025-04-01 05:20:25,756] multiqc                                            [DEBUG  ]  Loading config settings from: multiqc_config.yml
[2025-04-01 05:20:25,756] multiqc                                            [DEBUG  ]  New config: {'report_comment': 'This report has been generated by the <a href="https://github.com/nf-core/rnaseq/releases/tag/3.14.0" target="_blank">nf-core/rnaseq</a> analysis pipeline. For information about how to interpret these results, please see the <a href="https://nf-co.re/rnaseq/3.14.0/docs/output" target="_blank">documentation</a>.\n', 'report_section_order': {'nf-core-rnaseq-methods-description': {'order': -1000}, 'software_versions': {'order': -1001}, 'nf-core-rnaseq-summary': {'order': -1002}}, 'export_plots': True, 'disable_version_detection': True, 'run_modules': ['custom_content', 'fastqc', 'cutadapt', 'fastp', 'sortmerna', 'star', 'hisat2', 'rsem', 'salmon', 'kallisto', 'samtools', 'picard', 'preseq', 'rseqc', 'qualimap'], 'top_modules': ['fail_trimmed_samples', 'fail_mapped_samples', 'fail_strand_check', 'star_rsem_deseq2_pca', 'star_rsem_deseq2_clustering', 'star_salmon_deseq2_pca', 'star_salmon_deseq2_clustering', 'salmon_deseq2_pca', 'salmon_deseq2_clustering', 'biotype_counts', 'dupradar'], 'module_order': [{'fastqc': {'name': 'FastQC (raw)', 'info': 'This section of the report shows FastQC results before adapter trimming.', 'path_filters': ['./fastqc/raw/*.zip']}}, 'cutadapt', 'fastp', {'fastqc': {'name': 'FastQC (trimmed)', 'info': 'This section of the report shows FastQC results after adapter trimming.', 'path_filters': ['./fastqc/trim/*.zip']}}], 'table_columns_visible': {'fastqc': {'percent_duplicates': False}}, 'custom_data': {'fail_trimmed_samples': {'section_name': 'WARNING: Fail Trimming Check', 'description': "List of samples that failed the minimum trimmed reads threshold specified via the '--min_trimmed_reads' parameter, and hence were ignored for the downstream processing steps.", 'plot_type': 'table', 'pconfig': {'id': 'fail_trimmed_samples_table', 'table_title': 'Samples failed trimming threshold', 'namespace': 'Samples failed trimming threshold', 'format': '{:.0f}'}}, 'fail_mapped_samples': {'section_name': 'WARNING: Fail Alignment Check', 'description': "List of samples that failed the STAR minimum mapped reads threshold specified via the '--min_mapped_reads' parameter, and hence were ignored for the downstream processing steps.", 'plot_type': 'table', 'pconfig': {'id': 'fail_mapped_samples_table', 'table_title': 'Samples failed mapping threshold', 'namespace': 'Samples failed mapping threshold', 'format': '{:.2f}'}}, 'fail_strand_check': {'section_name': 'WARNING: Fail Strand Check', 'description': "List of samples that failed the strandedness check between that provided in the samplesheet and calculated by the <a href='http://rseqc.sourceforge.net/#infer-experiment-py'>RSeQC infer_experiment.py</a> tool.", 'plot_type': 'table', 'pconfig': {'id': 'fail_strand_check_table', 'table_title': 'Samples failed strandedness check', 'namespace': 'Samples failed strandedness check', 'format': '{:.2f}'}}}}
[2025-04-01 05:20:25,756] multiqc                                            [DEBUG  ]  Added to filename patterns: [{'cutadapt': {'fn': '*trimming_report.txt'}, 'fastp': {'fn': '*.fastp.json'}, 'sortmerna': {'fn': '*.sortmerna.log'}, 'hisat2': {'fn': '*.hisat2.summary.log'}, 'salmon/meta': {'fn': 'meta_info.json'}, 'preseq': {'fn': '*.lc_extrap.txt'}, 'samtools/stats': {'fn': '*.stats'}, 'samtools/flagstat': {'fn': '*.flagstat'}, 'samtools/idxstats': {'fn': '*.idxstats*'}, 'rseqc/bam_stat': {'fn': '*.bam_stat.txt'}, 'rseqc/gene_body_coverage': {'skip': True}, 'rseqc/junction_annotation': {'fn': '*.junction_annotation.log'}, 'rseqc/read_gc': {'skip': True}, 'rseqc/read_distribution': {'fn': '*.read_distribution.txt'}, 'rseqc/infer_experiment': {'fn': '*.infer_experiment.txt'}, 'rseqc/tin': {'fn': '*.summary.txt'}, 'picard/markdups': {'fn': '*.MarkDuplicates.metrics.txt'}, 'picard/alignment_metrics': {'skip': True}, 'picard/basedistributionbycycle': {'skip': True}, 'picard/gcbias': {'skip': True}, 'picard/hsmetrics': {'skip': True}, 'picard/insertsize': {'skip': True}, 'picard/oxogmetrics': {'skip': True}, 'picard/pcr_metrics': {'skip': True}, 'picard/quality_by_cycle': {'skip': True}, 'picard/quality_score_distribution': {'skip': True}, 'picard/quality_yield_metrics': {'skip': True}, 'picard/rnaseqmetrics': {'skip': True}, 'picard/rrbs_metrics': {'skip': True}, 'picard/sam_file_validation': {'skip': True}, 'picard/variant_calling_metrics': {'skip': True}, 'picard/wgs_metrics': {'skip': True}}]
[2025-04-01 05:20:25,756] multiqc                                            [DEBUG  ]  Added to filename clean extensions: [['.umi_dedup', '_val', '.markdup', '_primary']]
[2025-04-01 05:20:25,756] multiqc                                            [DEBUG  ]  Command used: /usr/local/bin/multiqc -n multiqc_report.html -f .
[2025-04-01 05:20:26,349] multiqc                                            [WARNING]  MultiQC Version v1.28 now available!
[2025-04-01 05:20:26,350] multiqc                                            [DEBUG  ]  Working dir : /storage/Nuevo_Analisis_Bosque/Fastq/work/52/fec137d4209932c0b7ec07bb6d1360
[2025-04-01 05:20:26,350] multiqc                                            [DEBUG  ]  Template    : default
[2025-04-01 05:20:26,350] multiqc                                            [DEBUG  ]  Running Python 3.11.7 | packaged by conda-forge | (main, Dec 15 2023, 08:38:37) [GCC 12.3.0]
[2025-04-01 05:20:26,351] multiqc                                            [INFO   ]  Only using modules: custom_content, fastqc, cutadapt, fastp, sortmerna, star, hisat2, rsem, salmon, kallisto, samtools, picard, preseq, rseqc, qualimap
[2025-04-01 05:20:26,351] multiqc                                            [DEBUG  ]  Analysing modules: custom_content, hisat2, kallisto, picard, preseq, qualimap, rsem, rseqc, salmon, samtools, sortmerna, star, fastqc, cutadapt, fastp, fastqc
[2025-04-01 05:20:26,351] multiqc                                            [DEBUG  ]  Using temporary directory for creating report: /tmp/tmpnjxprr4h
[2025-04-01 05:20:26,353] multiqc                                            [INFO   ]  Search path : /storage/Nuevo_Analisis_Bosque/Fastq/work/52/fec137d4209932c0b7ec07bb6d1360
[2025-04-01 05:20:26,353] multiqc                                            [DEBUG  ]  Ignored 256 search patterns as didn't match running modules.
[2025-04-01 05:20:26,354] multiqc                                            [INFO   ]  Skipping 17 file search patterns
[2025-04-01 05:20:26,354] multiqc                                            [DEBUG  ]  Skipping search patterns: picard/alignment_metrics, picard/basedistributionbycycle, picard/gcbias, picard/hsmetrics, picard/insertsize, picard/oxogmetrics, picard/pcr_metrics, picard/quality_by_cycle, picard/quality_score_distribution, picard/quality_yield_metrics, picard/rnaseqmetrics, picard/rrbs_metrics, picard/sam_file_validation, picard/variant_calling_metrics, picard/wgs_metrics, rseqc/gene_body_coverage, rseqc/read_gc
[2025-04-01 05:20:26,953] multiqc                                            [DEBUG  ]  Summary of files that were skipped by the search: [skipped_no_match: 392]
[2025-04-01 05:20:27,337] multiqc.plots.bargraph                             [DEBUG  ]  Using matplotlib version 3.8.2
[2025-04-01 05:20:27,340] multiqc.plots.linegraph                            [DEBUG  ]  Using matplotlib version 3.8.2
[2025-04-01 05:20:27,718] multiqc.modules.custom_content.custom_content      [INFO   ]  software_versions: Found 1 sample (html)
[2025-04-01 05:20:27,718] multiqc.modules.custom_content.custom_content      [INFO   ]  nf-core-rnaseq-summary: Found 1 sample (html)
[2025-04-01 05:20:27,718] multiqc.modules.custom_content.custom_content      [INFO   ]  nf-core-rnaseq-methods-description: Found 1 sample (html)
[2025-04-01 05:20:27,718] multiqc                                            [DEBUG  ]  multiqc_star_salmon_deseq2_clustering-plot could not be saved as tsv/csv. Falling back to YAML.
[2025-04-01 05:20:27,720] multiqc.modules.custom_content.custom_content      [INFO   ]  star_salmon_deseq2_clustering: Found 12 samples (heatmap)
[2025-04-01 05:20:27,721] multiqc.modules.custom_content.custom_content      [INFO   ]  star_salmon_deseq2_pca: Found 12 samples (scatter)
[2025-04-01 05:20:27,721] multiqc.modules.custom_content.custom_content      [INFO   ]  DupInt: Found 12 General Statistics columns
[2025-04-01 05:20:29,014] multiqc.modules.custom_content.custom_content      [INFO   ]  dupradar: Found 12 samples (linegraph)
[2025-04-01 05:20:29,552] multiqc.modules.picard.picard                      [INFO   ]  Found 12 MarkDuplicates reports
[2025-04-01 05:20:30,718] multiqc.modules.qualimap.qualimap                  [INFO   ]  Found 12 RNASeq reports
[2025-04-01 05:20:33,541] multiqc.modules.rseqc.rseqc                        [INFO   ]  Found 12 read_distribution reports
[2025-04-01 05:20:34,053] multiqc.modules.rseqc.rseqc                        [INFO   ]  Found 4 inner_distance reports
[2025-04-01 05:20:34,758] multiqc.modules.rseqc.rseqc                        [INFO   ]  Found 12 read_duplication reports
[2025-04-01 05:20:35,604] multiqc.modules.rseqc.rseqc                        [INFO   ]  Found 12 junction_annotation reports
[2025-04-01 05:20:36,506] multiqc.modules.rseqc.rseqc                        [INFO   ]  Found 12 junction_saturation reports
[2025-04-01 05:20:36,790] multiqc.modules.rseqc.rseqc                        [INFO   ]  Found 12 infer_experiment reports
[2025-04-01 05:20:36,889] multiqc.modules.rseqc.rseqc                        [INFO   ]  Found 12 bam_stat reports
[2025-04-01 05:20:37,374] multiqc.modules.samtools.samtools                  [INFO   ]  Found 12 stats reports
[2025-04-01 05:20:37,459] multiqc.modules.samtools.samtools                  [INFO   ]  Found 12 flagstat reports
[2025-04-01 05:20:39,159] multiqc.modules.samtools.samtools                  [INFO   ]  Found 12 idxstats reports
[2025-04-01 05:20:39,297] multiqc.modules.star.star                          [INFO   ]  Found 12 reports
[2025-04-01 05:20:39,726] multiqc.modules.base_module                        [DEBUG  ]  fastqc/zip - Selecting './fastqc/raw/29_fastqc.zip' as it matched the path_filters for 'FastQC (raw)'
[2025-04-01 05:20:39,784] multiqc.modules.base_module                        [DEBUG  ]  fastqc/zip - Selecting './fastqc/raw/20_2_fastqc.zip' as it matched the path_filters for 'FastQC (raw)'
[2025-04-01 05:20:39,827] multiqc.modules.base_module                        [DEBUG  ]  fastqc/zip - Selecting './fastqc/raw/5_2_fastqc.zip' as it matched the path_filters for 'FastQC (raw)'
[2025-04-01 05:20:39,889] multiqc.modules.base_module                        [DEBUG  ]  fastqc/zip - Selecting './fastqc/raw/2_2_fastqc.zip' as it matched the path_filters for 'FastQC (raw)'
[2025-04-01 05:20:39,934] multiqc.modules.base_module                        [DEBUG  ]  fastqc/zip - Selecting './fastqc/raw/30_fastqc.zip' as it matched the path_filters for 'FastQC (raw)'
[2025-04-01 05:20:39,986] multiqc.modules.base_module                        [DEBUG  ]  fastqc/zip - Selecting './fastqc/raw/5_1_fastqc.zip' as it matched the path_filters for 'FastQC (raw)'
[2025-04-01 05:20:40,040] multiqc.modules.base_module                        [DEBUG  ]  fastqc/zip - Selecting './fastqc/raw/17_2_fastqc.zip' as it matched the path_filters for 'FastQC (raw)'
[2025-04-01 05:20:40,099] multiqc.modules.base_module                        [DEBUG  ]  fastqc/zip - Selecting './fastqc/raw/33_fastqc.zip' as it matched the path_filters for 'FastQC (raw)'
[2025-04-01 05:20:40,158] multiqc.modules.base_module                        [DEBUG  ]  fastqc/zip - Selecting './fastqc/raw/27_fastqc.zip' as it matched the path_filters for 'FastQC (raw)'
[2025-04-01 05:20:40,208] multiqc.modules.base_module                        [DEBUG  ]  fastqc/zip - Selecting './fastqc/raw/17_1_fastqc.zip' as it matched the path_filters for 'FastQC (raw)'
[2025-04-01 05:20:40,249] multiqc.modules.base_module                        [DEBUG  ]  fastqc/zip - Selecting './fastqc/raw/32_fastqc.zip' as it matched the path_filters for 'FastQC (raw)'
[2025-04-01 05:20:40,304] multiqc.modules.base_module                        [DEBUG  ]  fastqc/zip - Selecting './fastqc/raw/20_1_fastqc.zip' as it matched the path_filters for 'FastQC (raw)'
[2025-04-01 05:20:40,369] multiqc.modules.base_module                        [DEBUG  ]  fastqc/zip - Selecting './fastqc/raw/26_fastqc.zip' as it matched the path_filters for 'FastQC (raw)'
[2025-04-01 05:20:40,428] multiqc.modules.base_module                        [DEBUG  ]  fastqc/zip - Selecting './fastqc/raw/28_fastqc.zip' as it matched the path_filters for 'FastQC (raw)'
[2025-04-01 05:20:40,495] multiqc.modules.base_module                        [DEBUG  ]  fastqc/zip - Selecting './fastqc/raw/31_fastqc.zip' as it matched the path_filters for 'FastQC (raw)'
[2025-04-01 05:20:40,516] multiqc.modules.base_module                        [DEBUG  ]  fastqc/zip - Selecting './fastqc/raw/2_1_fastqc.zip' as it matched the path_filters for 'FastQC (raw)'
[2025-04-01 05:20:40,560] multiqc.modules.base_module                        [DEBUG  ]  fastqc/zip - Skipping './fastqc/trim/2_1_val_1_fastqc.zip' as it didn't match the path_filters for 'FastQC (raw)'
[2025-04-01 05:20:40,560] multiqc.modules.base_module                        [DEBUG  ]  fastqc/zip - Skipping './fastqc/trim/33_trimmed_fastqc.zip' as it didn't match the path_filters for 'FastQC (raw)'
[2025-04-01 05:20:40,560] multiqc.modules.base_module                        [DEBUG  ]  fastqc/zip - Skipping './fastqc/trim/17_2_val_2_fastqc.zip' as it didn't match the path_filters for 'FastQC (raw)'
[2025-04-01 05:20:40,560] multiqc.modules.base_module                        [DEBUG  ]  fastqc/zip - Skipping './fastqc/trim/31_trimmed_fastqc.zip' as it didn't match the path_filters for 'FastQC (raw)'
[2025-04-01 05:20:40,560] multiqc.modules.base_module                        [DEBUG  ]  fastqc/zip - Skipping './fastqc/trim/5_2_val_2_fastqc.zip' as it didn't match the path_filters for 'FastQC (raw)'
[2025-04-01 05:20:40,560] multiqc.modules.base_module                        [DEBUG  ]  fastqc/zip - Skipping './fastqc/trim/5_1_val_1_fastqc.zip' as it didn't match the path_filters for 'FastQC (raw)'
[2025-04-01 05:20:40,560] multiqc.modules.base_module                        [DEBUG  ]  fastqc/zip - Skipping './fastqc/trim/30_trimmed_fastqc.zip' as it didn't match the path_filters for 'FastQC (raw)'
[2025-04-01 05:20:40,560] multiqc.modules.base_module                        [DEBUG  ]  fastqc/zip - Skipping './fastqc/trim/2_2_val_2_fastqc.zip' as it didn't match the path_filters for 'FastQC (raw)'
[2025-04-01 05:20:40,561] multiqc.modules.base_module                        [DEBUG  ]  fastqc/zip - Skipping './fastqc/trim/28_trimmed_fastqc.zip' as it didn't match the path_filters for 'FastQC (raw)'
[2025-04-01 05:20:40,561] multiqc.modules.base_module                        [DEBUG  ]  fastqc/zip - Skipping './fastqc/trim/20_2_val_2_fastqc.zip' as it didn't match the path_filters for 'FastQC (raw)'
[2025-04-01 05:20:40,561] multiqc.modules.base_module                        [DEBUG  ]  fastqc/zip - Skipping './fastqc/trim/17_1_val_1_fastqc.zip' as it didn't match the path_filters for 'FastQC (raw)'
[2025-04-01 05:20:40,561] multiqc.modules.base_module                        [DEBUG  ]  fastqc/zip - Skipping './fastqc/trim/20_1_val_1_fastqc.zip' as it didn't match the path_filters for 'FastQC (raw)'
[2025-04-01 05:20:40,561] multiqc.modules.base_module                        [DEBUG  ]  fastqc/zip - Skipping './fastqc/trim/27_trimmed_fastqc.zip' as it didn't match the path_filters for 'FastQC (raw)'
[2025-04-01 05:20:40,561] multiqc.modules.base_module                        [DEBUG  ]  fastqc/zip - Skipping './fastqc/trim/26_trimmed_fastqc.zip' as it didn't match the path_filters for 'FastQC (raw)'
[2025-04-01 05:20:40,561] multiqc.modules.base_module                        [DEBUG  ]  fastqc/zip - Skipping './fastqc/trim/29_trimmed_fastqc.zip' as it didn't match the path_filters for 'FastQC (raw)'
[2025-04-01 05:20:40,561] multiqc.modules.base_module                        [DEBUG  ]  fastqc/zip - Skipping './fastqc/trim/32_trimmed_fastqc.zip' as it didn't match the path_filters for 'FastQC (raw)'
[2025-04-01 05:20:40,561] multiqc.modules.fastqc.fastqc                      [INFO   ]  Found 16 reports
[2025-04-01 05:20:42,975] multiqc.modules.cutadapt.cutadapt                  [INFO   ]  Found 16 reports
[2025-04-01 05:20:43,704] multiqc.modules.base_module                        [DEBUG  ]  fastqc/zip - Skipping './fastqc/raw/29_fastqc.zip' as it didn't match the path_filters for 'FastQC (trimmed)'
[2025-04-01 05:20:43,704] multiqc.modules.base_module                        [DEBUG  ]  fastqc/zip - Skipping './fastqc/raw/20_2_fastqc.zip' as it didn't match the path_filters for 'FastQC (trimmed)'
[2025-04-01 05:20:43,704] multiqc.modules.base_module                        [DEBUG  ]  fastqc/zip - Skipping './fastqc/raw/5_2_fastqc.zip' as it didn't match the path_filters for 'FastQC (trimmed)'
[2025-04-01 05:20:43,704] multiqc.modules.base_module                        [DEBUG  ]  fastqc/zip - Skipping './fastqc/raw/2_2_fastqc.zip' as it didn't match the path_filters for 'FastQC (trimmed)'
[2025-04-01 05:20:43,704] multiqc.modules.base_module                        [DEBUG  ]  fastqc/zip - Skipping './fastqc/raw/30_fastqc.zip' as it didn't match the path_filters for 'FastQC (trimmed)'
[2025-04-01 05:20:43,704] multiqc.modules.base_module                        [DEBUG  ]  fastqc/zip - Skipping './fastqc/raw/5_1_fastqc.zip' as it didn't match the path_filters for 'FastQC (trimmed)'
[2025-04-01 05:20:43,704] multiqc.modules.base_module                        [DEBUG  ]  fastqc/zip - Skipping './fastqc/raw/17_2_fastqc.zip' as it didn't match the path_filters for 'FastQC (trimmed)'
[2025-04-01 05:20:43,704] multiqc.modules.base_module                        [DEBUG  ]  fastqc/zip - Skipping './fastqc/raw/33_fastqc.zip' as it didn't match the path_filters for 'FastQC (trimmed)'
[2025-04-01 05:20:43,704] multiqc.modules.base_module                        [DEBUG  ]  fastqc/zip - Skipping './fastqc/raw/27_fastqc.zip' as it didn't match the path_filters for 'FastQC (trimmed)'
[2025-04-01 05:20:43,704] multiqc.modules.base_module                        [DEBUG  ]  fastqc/zip - Skipping './fastqc/raw/17_1_fastqc.zip' as it didn't match the path_filters for 'FastQC (trimmed)'
[2025-04-01 05:20:43,704] multiqc.modules.base_module                        [DEBUG  ]  fastqc/zip - Skipping './fastqc/raw/32_fastqc.zip' as it didn't match the path_filters for 'FastQC (trimmed)'
[2025-04-01 05:20:43,704] multiqc.modules.base_module                        [DEBUG  ]  fastqc/zip - Skipping './fastqc/raw/20_1_fastqc.zip' as it didn't match the path_filters for 'FastQC (trimmed)'
[2025-04-01 05:20:43,704] multiqc.modules.base_module                        [DEBUG  ]  fastqc/zip - Skipping './fastqc/raw/26_fastqc.zip' as it didn't match the path_filters for 'FastQC (trimmed)'
[2025-04-01 05:20:43,704] multiqc.modules.base_module                        [DEBUG  ]  fastqc/zip - Skipping './fastqc/raw/28_fastqc.zip' as it didn't match the path_filters for 'FastQC (trimmed)'
[2025-04-01 05:20:43,704] multiqc.modules.base_module                        [DEBUG  ]  fastqc/zip - Skipping './fastqc/raw/31_fastqc.zip' as it didn't match the path_filters for 'FastQC (trimmed)'
[2025-04-01 05:20:43,704] multiqc.modules.base_module                        [DEBUG  ]  fastqc/zip - Skipping './fastqc/raw/2_1_fastqc.zip' as it didn't match the path_filters for 'FastQC (trimmed)'
[2025-04-01 05:20:43,704] multiqc.modules.base_module                        [DEBUG  ]  fastqc/zip - Selecting './fastqc/trim/2_1_val_1_fastqc.zip' as it matched the path_filters for 'FastQC (trimmed)'
[2025-04-01 05:20:43,784] multiqc.modules.base_module                        [DEBUG  ]  fastqc/zip - Selecting './fastqc/trim/33_trimmed_fastqc.zip' as it matched the path_filters for 'FastQC (trimmed)'
[2025-04-01 05:20:43,836] multiqc.modules.base_module                        [DEBUG  ]  fastqc/zip - Selecting './fastqc/trim/17_2_val_2_fastqc.zip' as it matched the path_filters for 'FastQC (trimmed)'
[2025-04-01 05:20:43,888] multiqc.modules.base_module                        [DEBUG  ]  fastqc/zip - Selecting './fastqc/trim/31_trimmed_fastqc.zip' as it matched the path_filters for 'FastQC (trimmed)'
[2025-04-01 05:20:43,932] multiqc.modules.base_module                        [DEBUG  ]  fastqc/zip - Selecting './fastqc/trim/5_2_val_2_fastqc.zip' as it matched the path_filters for 'FastQC (trimmed)'
[2025-04-01 05:20:43,965] multiqc.modules.base_module                        [DEBUG  ]  fastqc/zip - Selecting './fastqc/trim/5_1_val_1_fastqc.zip' as it matched the path_filters for 'FastQC (trimmed)'
[2025-04-01 05:20:43,992] multiqc.modules.base_module                        [DEBUG  ]  fastqc/zip - Selecting './fastqc/trim/30_trimmed_fastqc.zip' as it matched the path_filters for 'FastQC (trimmed)'
[2025-04-01 05:20:44,048] multiqc.modules.base_module                        [DEBUG  ]  fastqc/zip - Selecting './fastqc/trim/2_2_val_2_fastqc.zip' as it matched the path_filters for 'FastQC (trimmed)'
[2025-04-01 05:20:44,098] multiqc.modules.base_module                        [DEBUG  ]  fastqc/zip - Selecting './fastqc/trim/28_trimmed_fastqc.zip' as it matched the path_filters for 'FastQC (trimmed)'
[2025-04-01 05:20:44,140] multiqc.modules.base_module                        [DEBUG  ]  fastqc/zip - Selecting './fastqc/trim/20_2_val_2_fastqc.zip' as it matched the path_filters for 'FastQC (trimmed)'
[2025-04-01 05:20:44,184] multiqc.modules.base_module                        [DEBUG  ]  fastqc/zip - Selecting './fastqc/trim/17_1_val_1_fastqc.zip' as it matched the path_filters for 'FastQC (trimmed)'
[2025-04-01 05:20:44,220] multiqc.modules.base_module                        [DEBUG  ]  fastqc/zip - Selecting './fastqc/trim/20_1_val_1_fastqc.zip' as it matched the path_filters for 'FastQC (trimmed)'
[2025-04-01 05:20:44,263] multiqc.modules.base_module                        [DEBUG  ]  fastqc/zip - Selecting './fastqc/trim/27_trimmed_fastqc.zip' as it matched the path_filters for 'FastQC (trimmed)'
[2025-04-01 05:20:44,322] multiqc.modules.base_module                        [DEBUG  ]  fastqc/zip - Selecting './fastqc/trim/26_trimmed_fastqc.zip' as it matched the path_filters for 'FastQC (trimmed)'
[2025-04-01 05:20:44,368] multiqc.modules.base_module                        [DEBUG  ]  fastqc/zip - Selecting './fastqc/trim/29_trimmed_fastqc.zip' as it matched the path_filters for 'FastQC (trimmed)'
[2025-04-01 05:20:44,403] multiqc.modules.base_module                        [DEBUG  ]  fastqc/zip - Selecting './fastqc/trim/32_trimmed_fastqc.zip' as it matched the path_filters for 'FastQC (trimmed)'
[2025-04-01 05:20:44,445] multiqc.modules.fastqc.fastqc                      [INFO   ]  Found 16 reports
[2025-04-01 05:20:46,524] multiqc.utils.software_versions                    [DEBUG  ]  Reading software versions from config.software_versions
[2025-04-01 05:20:46,524] multiqc                                            [DEBUG  ]  Reordering sections: anchor 'nf-core-rnaseq-methods-description' not found for module 'STAR_SALMON DESeq2 sample similarity'.
[2025-04-01 05:20:46,525] multiqc                                            [DEBUG  ]  Reordering sections: anchor 'software_versions' not found for module 'STAR_SALMON DESeq2 sample similarity'.
[2025-04-01 05:20:46,525] multiqc                                            [DEBUG  ]  Reordering sections: anchor 'nf-core-rnaseq-summary' not found for module 'STAR_SALMON DESeq2 sample similarity'.
[2025-04-01 05:20:46,525] multiqc                                            [DEBUG  ]  Reordering sections: anchor 'nf-core-rnaseq-methods-description' not found for module 'STAR_SALMON DESeq2 PCA plot'.
[2025-04-01 05:20:46,525] multiqc                                            [DEBUG  ]  Reordering sections: anchor 'software_versions' not found for module 'STAR_SALMON DESeq2 PCA plot'.
[2025-04-01 05:20:46,525] multiqc                                            [DEBUG  ]  Reordering sections: anchor 'nf-core-rnaseq-summary' not found for module 'STAR_SALMON DESeq2 PCA plot'.
[2025-04-01 05:20:46,525] multiqc                                            [DEBUG  ]  Reordering sections: anchor 'nf-core-rnaseq-methods-description' not found for module 'DupRadar'.
[2025-04-01 05:20:46,525] multiqc                                            [DEBUG  ]  Reordering sections: anchor 'software_versions' not found for module 'DupRadar'.
[2025-04-01 05:20:46,525] multiqc                                            [DEBUG  ]  Reordering sections: anchor 'nf-core-rnaseq-summary' not found for module 'DupRadar'.
[2025-04-01 05:20:46,525] multiqc                                            [DEBUG  ]  Reordering sections: anchor 'nf-core-rnaseq-methods-description' not found for module 'Picard'.
[2025-04-01 05:20:46,525] multiqc                                            [DEBUG  ]  Reordering sections: anchor 'software_versions' not found for module 'Picard'.
[2025-04-01 05:20:46,525] multiqc                                            [DEBUG  ]  Reordering sections: anchor 'nf-core-rnaseq-summary' not found for module 'Picard'.
[2025-04-01 05:20:46,525] multiqc                                            [DEBUG  ]  Reordering sections: anchor 'nf-core-rnaseq-methods-description' not found for module 'QualiMap'.
[2025-04-01 05:20:46,525] multiqc                                            [DEBUG  ]  Reordering sections: anchor 'software_versions' not found for module 'QualiMap'.
[2025-04-01 05:20:46,525] multiqc                                            [DEBUG  ]  Reordering sections: anchor 'nf-core-rnaseq-summary' not found for module 'QualiMap'.
[2025-04-01 05:20:46,525] multiqc                                            [DEBUG  ]  Reordering sections: anchor 'nf-core-rnaseq-methods-description' not found for module 'RSeQC'.
[2025-04-01 05:20:46,525] multiqc                                            [DEBUG  ]  Reordering sections: anchor 'software_versions' not found for module 'RSeQC'.
[2025-04-01 05:20:46,525] multiqc                                            [DEBUG  ]  Reordering sections: anchor 'nf-core-rnaseq-summary' not found for module 'RSeQC'.
[2025-04-01 05:20:46,525] multiqc                                            [DEBUG  ]  Reordering sections: anchor 'nf-core-rnaseq-methods-description' not found for module 'Samtools'.
[2025-04-01 05:20:46,525] multiqc                                            [DEBUG  ]  Reordering sections: anchor 'software_versions' not found for module 'Samtools'.
[2025-04-01 05:20:46,525] multiqc                                            [DEBUG  ]  Reordering sections: anchor 'nf-core-rnaseq-summary' not found for module 'Samtools'.
[2025-04-01 05:20:46,525] multiqc                                            [DEBUG  ]  Reordering sections: anchor 'nf-core-rnaseq-methods-description' not found for module 'STAR'.
[2025-04-01 05:20:46,525] multiqc                                            [DEBUG  ]  Reordering sections: anchor 'software_versions' not found for module 'STAR'.
[2025-04-01 05:20:46,525] multiqc                                            [DEBUG  ]  Reordering sections: anchor 'nf-core-rnaseq-summary' not found for module 'STAR'.
[2025-04-01 05:20:46,525] multiqc                                            [DEBUG  ]  Reordering sections: anchor 'nf-core-rnaseq-methods-description' not found for module 'FastQC (raw)'.
[2025-04-01 05:20:46,525] multiqc                                            [DEBUG  ]  Reordering sections: anchor 'software_versions' not found for module 'FastQC (raw)'.
[2025-04-01 05:20:46,525] multiqc                                            [DEBUG  ]  Reordering sections: anchor 'nf-core-rnaseq-summary' not found for module 'FastQC (raw)'.
[2025-04-01 05:20:46,525] multiqc                                            [DEBUG  ]  Reordering sections: anchor 'nf-core-rnaseq-methods-description' not found for module 'Cutadapt'.
[2025-04-01 05:20:46,525] multiqc                                            [DEBUG  ]  Reordering sections: anchor 'software_versions' not found for module 'Cutadapt'.
[2025-04-01 05:20:46,525] multiqc                                            [DEBUG  ]  Reordering sections: anchor 'nf-core-rnaseq-summary' not found for module 'Cutadapt'.
[2025-04-01 05:20:46,525] multiqc                                            [DEBUG  ]  Reordering sections: anchor 'nf-core-rnaseq-methods-description' not found for module 'FastQC (trimmed)'.
[2025-04-01 05:20:46,525] multiqc                                            [DEBUG  ]  Reordering sections: anchor 'software_versions' not found for module 'FastQC (trimmed)'.
[2025-04-01 05:20:46,525] multiqc                                            [DEBUG  ]  Reordering sections: anchor 'nf-core-rnaseq-summary' not found for module 'FastQC (trimmed)'.
[2025-04-01 05:20:46,525] multiqc                                            [DEBUG  ]  Reordering sections: anchor 'nf-core-rnaseq-methods-description' not found for module 'nf-core/rnaseq Methods Description'.
[2025-04-01 05:20:46,525] multiqc                                            [DEBUG  ]  Reordering sections: anchor 'software_versions' not found for module 'nf-core/rnaseq Methods Description'.
[2025-04-01 05:20:46,525] multiqc                                            [DEBUG  ]  Reordering sections: anchor 'nf-core-rnaseq-summary' not found for module 'nf-core/rnaseq Methods Description'.
[2025-04-01 05:20:46,525] multiqc                                            [DEBUG  ]  Reordering sections: anchor 'nf-core-rnaseq-methods-description' not found for module 'nf-core/rnaseq Software Versions'.
[2025-04-01 05:20:46,525] multiqc                                            [DEBUG  ]  Reordering sections: anchor 'software_versions' not found for module 'nf-core/rnaseq Software Versions'.
[2025-04-01 05:20:46,525] multiqc                                            [DEBUG  ]  Reordering sections: anchor 'nf-core-rnaseq-summary' not found for module 'nf-core/rnaseq Software Versions'.
[2025-04-01 05:20:46,525] multiqc                                            [DEBUG  ]  Reordering sections: anchor 'nf-core-rnaseq-methods-description' not found for module 'nf-core/rnaseq Workflow Summary'.
[2025-04-01 05:20:46,525] multiqc                                            [DEBUG  ]  Reordering sections: anchor 'software_versions' not found for module 'nf-core/rnaseq Workflow Summary'.
[2025-04-01 05:20:46,525] multiqc                                            [DEBUG  ]  Reordering sections: anchor 'nf-core-rnaseq-summary' not found for module 'nf-core/rnaseq Workflow Summary'.
[2025-04-01 05:20:46,548] multiqc                                            [DEBUG  ]  Compressing plot data
[2025-04-01 05:20:47,131] multiqc                                            [INFO   ]  Report      : multiqc_report.html
[2025-04-01 05:20:47,131] multiqc                                            [INFO   ]  Data        : multiqc_report_data
[2025-04-01 05:20:47,131] multiqc                                            [DEBUG  ]  Moving data file from '/tmp/tmpnjxprr4h/multiqc_data' to '/storage/Nuevo_Analisis_Bosque/Fastq/work/52/fec137d4209932c0b7ec07bb6d1360/multiqc_report_data'
[2025-04-01 05:20:47,137] multiqc                                            [DEBUG  ]  Full report path: /storage/Nuevo_Analisis_Bosque/Fastq/work/52/fec137d4209932c0b7ec07bb6d1360/multiqc_report.html
[2025-04-01 05:20:47,137] multiqc                                            [INFO   ]  Plots       : multiqc_report_plots
[2025-04-01 05:20:47,137] multiqc                                            [DEBUG  ]  Moving plots directory from '/tmp/tmpnjxprr4h/multiqc_plots' to '/storage/Nuevo_Analisis_Bosque/Fastq/work/52/fec137d4209932c0b7ec07bb6d1360/multiqc_report_plots'
[2025-04-01 05:20:47,173] multiqc                                            [INFO   ]  MultiQC complete
